commit 146f750d68928aabe147638d31ce0966695f2313 (HEAD -> 12140860, origin/12140860)
Author: karankumbhar47 <karansunilk@iitbhilai.ac.in>
Date:   Sat Feb 25 16:36:16 2023 +0530

second commit in 12140860 branch

commit 7238534fdcb72278f495c2af5d78de0083af51a4
Author: karankumbhar47 <karansunilk@iitbhilai.ac.in>
Date:   Sat Feb 25 16:35:16 2023 +0530

first commit in 12140860 branch

commit 3eb3ccdf09759e63532a10105584e8b9d686213e (origin/master, master)
Author: Sanket-Dandge <srdandge2003@gmail.com>
Date:   Sat Feb 25 11:02:29 2023 +0530

First Commit

╭─karan09@karan in repo: STT_Assignment2_q9/.gitGraph on  12140860 [?] took 214ms
╰─λ git log  --all
commit 3e50ca9deec3ab6270333c4714009fa2778e443a (origin/12140110)
Author: SandeshAhire <ahiresandesh@iitbhilai.ac.in>
Date:   Sat Feb 25 16:37:57 2023 +0530

second commit on 12140110

commit cb5ddeac9a3ebf040d9987bf1a806e9089acfd07
Author: SandeshAhire <ahiresandesh@iitbhilai.ac.in>
Date:   Sat Feb 25 16:37:29 2023 +0530

first commit on 12140110

commit 146f750d68928aabe147638d31ce0966695f2313 (HEAD -> 12140860, origin/12140860)
Author: karankumbhar47 <karansunilk@iitbhilai.ac.in>
Date:   Sat Feb 25 16:36:16 2023 +0530

second commit in 12140860 branch

commit 7238534fdcb72278f495c2af5d78de0083af51a4
Author: karankumbhar47 <karansunilk@iitbhilai.ac.in>
Date:   Sat Feb 25 16:35:16 2023 +0530

first commit in 12140860 branch

commit 021a20b7bf505af161fbe5f6eaebaf6cf9c4c394 (origin/12140540)
Author: Sanket-Dandge <srdandge2003@gmail.com>
Date:   Sat Feb 25 11:06:06 2023 +0530

Second Commit in 12140540 branch

commit a4dc9e6821c767fd690b7a6d1a7a770cbed491fd
Author: Sanket-Dandge <srdandge2003@gmail.com>
Date:   Sat Feb 25 11:04:39 2023 +0530

First Commit in 12140540 branch

commit 3eb3ccdf09759e63532a10105584e8b9d686213e (origin/master, master)
Author: Sanket-Dandge <srdandge2003@gmail.com>
Date:   Sat Feb 25 11:02:29 2023 +0530

First Commit
